<?xml version="1.0" encoding="UTF-8" ?>
<testsuite failures="1" time="90.576" errors="0" skipped="0" tests="1" name="TestSuite">
  <properties>
    <property name="java.runtime.name" value="Java(TM) SE Runtime Environment"/>
    <property name="sun.boot.library.path" value="C:\Program Files\Java\jdk1.6.0_24\jre\bin"/>
    <property name="java.vm.version" value="19.1-b02"/>
    <property name="java.vm.vendor" value="Sun Microsystems Inc."/>
    <property name="java.vendor.url" value="http://java.sun.com/"/>
    <property name="path.separator" value=";"/>
    <property name="java.vm.name" value="Java HotSpot(TM) 64-Bit Server VM"/>
    <property name="file.encoding.pkg" value="sun.io"/>
    <property name="user.country" value="US"/>
    <property name="sun.java.launcher" value="SUN_STANDARD"/>
    <property name="sun.os.patch.level" value=""/>
    <property name="java.vm.specification.name" value="Java Virtual Machine Specification"/>
    <property name="user.dir" value="D:\bjose\Automation\ert-qa"/>
    <property name="java.runtime.version" value="1.6.0_24-b07"/>
    <property name="java.awt.graphicsenv" value="sun.awt.Win32GraphicsEnvironment"/>
    <property name="basedir" value="D:\bjose\Automation\ert-qa"/>
    <property name="java.endorsed.dirs" value="C:\Program Files\Java\jdk1.6.0_24\jre\lib\endorsed"/>
    <property name="os.arch" value="amd64"/>
    <property name="surefire.real.class.path" value="D:\bjose\Automation\ert-qa\target\surefire\surefirebooter1826201675153992137.jar"/>
    <property name="java.io.tmpdir" value="C:\Users\JBoby\AppData\Local\Temp\"/>
    <property name="line.separator" value="
"/>
    <property name="java.vm.specification.vendor" value="Sun Microsystems Inc."/>
    <property name="user.variant" value=""/>
    <property name="os.name" value="Windows 7"/>
    <property name="sun.jnu.encoding" value="Cp1252"/>
    <property name="java.library.path" value="C:\Program Files\Java\jdk1.6.0_24\jre\bin;.;C:\Windows\Sun\Java\bin;C:\Windows\system32;C:\Windows;C:\Windows\system32;C:\Windows;C:\Windows\System32\Wbem;C:\Windows\System32\WindowsPowerShell\v1.0\;C:\Program Files\TortoiseSVN\bin;C:\Program Files\Java\jdk1.6.0_24\bin;D:\Deepesh\Gordmans tools required\apache-maven-3.0.3-bin\apache-maven-3.0.3\bin;C:\instantclient_11_2;D:\Deepesh\Gordmans tools required\apache-ant-1.8.2-bin\apache-ant-1.8.2\bin;D:\Deepesh\Softwares\apache-tomcat-6.0.20\lib;D:\Instances\8080\lib\catalina-ant.jar;C:\eclipse;D:\bjose\apache-jmeter-2.7\bin;C:\Users\JBoby\android-sdks\platform-tools;D:\bjose\Automation\Monkey Talk\monkeytalk\MonkeyTalkIDE;C:\Users\JBoby\android-sdks\tools;C:\Program Files\MySQL\MySQL Server 5.5\bin;C:\Ruby193\bin;C:\Ruby193\bin;C:\Ruby192\bin;C:\Program Files (x86)\Sikuli X\libs;C:\Program Files (x86)\Java\jre6\\bin;C:\Program Files (x86)\Manymo;D:\bjose\Automation\libs;C:\Program Files (x86)\Java\jre6\\bin"/>
    <property name="surefire.test.class.path" value="D:\bjose\Automation\ert-qa\target\test-classes;D:\bjose\Automation\ert-qa\target\classes;C:\Users\JBoby\.m2\repository\org\testng\testng\6.7\testng-6.7.jar;C:\Users\JBoby\.m2\repository\junit\junit\4.10\junit-4.10.jar;C:\Users\JBoby\.m2\repository\org\hamcrest\hamcrest-core\1.1\hamcrest-core-1.1.jar;C:\Users\JBoby\.m2\repository\org\beanshell\bsh\2.0b4\bsh-2.0b4.jar;C:\Users\JBoby\.m2\repository\com\beust\jcommander\1.12\jcommander-1.12.jar;C:\Users\JBoby\.m2\repository\org\yaml\snakeyaml\1.6\snakeyaml-1.6.jar;C:\Users\JBoby\.m2\repository\net\sourceforge\jexcelapi\jxl\2.6.12\jxl-2.6.12.jar;C:\Users\JBoby\.m2\repository\log4j\log4j\1.2.14\log4j-1.2.14.jar;C:\Users\JBoby\.m2\repository\org\seleniumhq\selenium\selenium-java\2.37.1\selenium-java-2.37.1.jar;C:\Users\JBoby\.m2\repository\org\seleniumhq\selenium\selenium-android-driver\2.37.1\selenium-android-driver-2.37.1.jar;C:\Users\JBoby\.m2\repository\org\seleniumhq\selenium\selenium-remote-driver\2.37.1\selenium-remote-driver-2.37.1.jar;C:\Users\JBoby\.m2\repository\cglib\cglib-nodep\2.1_3\cglib-nodep-2.1_3.jar;C:\Users\JBoby\.m2\repository\org\json\json\20080701\json-20080701.jar;C:\Users\JBoby\.m2\repository\com\google\guava\guava\15.0\guava-15.0.jar;C:\Users\JBoby\.m2\repository\org\seleniumhq\selenium\selenium-chrome-driver\2.37.1\selenium-chrome-driver-2.37.1.jar;C:\Users\JBoby\.m2\repository\org\seleniumhq\selenium\selenium-htmlunit-driver\2.37.1\selenium-htmlunit-driver-2.37.1.jar;C:\Users\JBoby\.m2\repository\net\sourceforge\htmlunit\htmlunit\2.13\htmlunit-2.13.jar;C:\Users\JBoby\.m2\repository\xalan\xalan\2.7.1\xalan-2.7.1.jar;C:\Users\JBoby\.m2\repository\xalan\serializer\2.7.1\serializer-2.7.1.jar;C:\Users\JBoby\.m2\repository\commons-collections\commons-collections\3.2.1\commons-collections-3.2.1.jar;C:\Users\JBoby\.m2\repository\org\apache\commons\commons-lang3\3.1\commons-lang3-3.1.jar;C:\Users\JBoby\.m2\repository\org\apache\httpcomponents\httpmime\4.3.1\httpmime-4.3.1.jar;C:\Users\JBoby\.m2\repository\commons-codec\commons-codec\1.8\commons-codec-1.8.jar;C:\Users\JBoby\.m2\repository\net\sourceforge\htmlunit\htmlunit-core-js\2.13\htmlunit-core-js-2.13.jar;C:\Users\JBoby\.m2\repository\xerces\xercesImpl\2.11.0\xercesImpl-2.11.0.jar;C:\Users\JBoby\.m2\repository\xml-apis\xml-apis\1.4.01\xml-apis-1.4.01.jar;C:\Users\JBoby\.m2\repository\net\sourceforge\nekohtml\nekohtml\1.9.19\nekohtml-1.9.19.jar;C:\Users\JBoby\.m2\repository\net\sourceforge\cssparser\cssparser\0.9.11\cssparser-0.9.11.jar;C:\Users\JBoby\.m2\repository\org\w3c\css\sac\1.3\sac-1.3.jar;C:\Users\JBoby\.m2\repository\commons-logging\commons-logging\1.1.3\commons-logging-1.1.3.jar;C:\Users\JBoby\.m2\repository\org\eclipse\jetty\jetty-websocket\8.1.12.v20130726\jetty-websocket-8.1.12.v20130726.jar;C:\Users\JBoby\.m2\repository\org\eclipse\jetty\jetty-util\8.1.12.v20130726\jetty-util-8.1.12.v20130726.jar;C:\Users\JBoby\.m2\repository\org\eclipse\jetty\jetty-io\8.1.12.v20130726\jetty-io-8.1.12.v20130726.jar;C:\Users\JBoby\.m2\repository\org\eclipse\jetty\jetty-http\8.1.12.v20130726\jetty-http-8.1.12.v20130726.jar;C:\Users\JBoby\.m2\repository\org\apache\httpcomponents\httpclient\4.3\httpclient-4.3.jar;C:\Users\JBoby\.m2\repository\org\apache\httpcomponents\httpcore\4.3\httpcore-4.3.jar;C:\Users\JBoby\.m2\repository\org\seleniumhq\selenium\selenium-firefox-driver\2.37.1\selenium-firefox-driver-2.37.1.jar;C:\Users\JBoby\.m2\repository\commons-io\commons-io\2.2\commons-io-2.2.jar;C:\Users\JBoby\.m2\repository\org\apache\commons\commons-exec\1.1\commons-exec-1.1.jar;C:\Users\JBoby\.m2\repository\org\seleniumhq\selenium\selenium-ie-driver\2.37.1\selenium-ie-driver-2.37.1.jar;C:\Users\JBoby\.m2\repository\net\java\dev\jna\jna\3.4.0\jna-3.4.0.jar;C:\Users\JBoby\.m2\repository\net\java\dev\jna\platform\3.4.0\platform-3.4.0.jar;C:\Users\JBoby\.m2\repository\org\seleniumhq\selenium\selenium-iphone-driver\2.37.1\selenium-iphone-driver-2.37.1.jar;C:\Users\JBoby\.m2\repository\org\seleniumhq\selenium\selenium-safari-driver\2.37.1\selenium-safari-driver-2.37.1.jar;C:\Users\JBoby\.m2\repository\org\seleniumhq\selenium\selenium-support\2.37.1\selenium-support-2.37.1.jar;C:\Users\JBoby\.m2\repository\org\seleniumhq\selenium\selenium-api\2.37.1\selenium-api-2.37.1.jar;C:\Users\JBoby\.m2\repository\org\webbitserver\webbit\0.4.14\webbit-0.4.14.jar;C:\Users\JBoby\.m2\repository\io\netty\netty\3.5.2.Final\netty-3.5.2.Final.jar;C:\Users\JBoby\.m2\repository\com\googlecode\json-simple\json-simple\1.1\json-simple-1.1.jar;C:\Users\JBoby\.m2\repository\commons-lang\commons-lang\2.6\commons-lang-2.6.jar;"/>
    <property name="java.specification.name" value="Java Platform API Specification"/>
    <property name="java.class.version" value="50.0"/>
    <property name="sun.management.compiler" value="HotSpot 64-Bit Server Compiler"/>
    <property name="os.version" value="6.1"/>
    <property name="user.home" value="C:\Users\JBoby"/>
    <property name="user.timezone" value="Asia/Calcutta"/>
    <property name="java.awt.printerjob" value="sun.awt.windows.WPrinterJob"/>
    <property name="java.specification.version" value="1.6"/>
    <property name="file.encoding" value="Cp1252"/>
    <property name="user.name" value="JBoby"/>
    <property name="java.class.path" value="D:\bjose\Automation\ert-qa\target\test-classes;D:\bjose\Automation\ert-qa\target\classes;C:\Users\JBoby\.m2\repository\org\testng\testng\6.7\testng-6.7.jar;C:\Users\JBoby\.m2\repository\junit\junit\4.10\junit-4.10.jar;C:\Users\JBoby\.m2\repository\org\hamcrest\hamcrest-core\1.1\hamcrest-core-1.1.jar;C:\Users\JBoby\.m2\repository\org\beanshell\bsh\2.0b4\bsh-2.0b4.jar;C:\Users\JBoby\.m2\repository\com\beust\jcommander\1.12\jcommander-1.12.jar;C:\Users\JBoby\.m2\repository\org\yaml\snakeyaml\1.6\snakeyaml-1.6.jar;C:\Users\JBoby\.m2\repository\net\sourceforge\jexcelapi\jxl\2.6.12\jxl-2.6.12.jar;C:\Users\JBoby\.m2\repository\log4j\log4j\1.2.14\log4j-1.2.14.jar;C:\Users\JBoby\.m2\repository\org\seleniumhq\selenium\selenium-java\2.37.1\selenium-java-2.37.1.jar;C:\Users\JBoby\.m2\repository\org\seleniumhq\selenium\selenium-android-driver\2.37.1\selenium-android-driver-2.37.1.jar;C:\Users\JBoby\.m2\repository\org\seleniumhq\selenium\selenium-remote-driver\2.37.1\selenium-remote-driver-2.37.1.jar;C:\Users\JBoby\.m2\repository\cglib\cglib-nodep\2.1_3\cglib-nodep-2.1_3.jar;C:\Users\JBoby\.m2\repository\org\json\json\20080701\json-20080701.jar;C:\Users\JBoby\.m2\repository\com\google\guava\guava\15.0\guava-15.0.jar;C:\Users\JBoby\.m2\repository\org\seleniumhq\selenium\selenium-chrome-driver\2.37.1\selenium-chrome-driver-2.37.1.jar;C:\Users\JBoby\.m2\repository\org\seleniumhq\selenium\selenium-htmlunit-driver\2.37.1\selenium-htmlunit-driver-2.37.1.jar;C:\Users\JBoby\.m2\repository\net\sourceforge\htmlunit\htmlunit\2.13\htmlunit-2.13.jar;C:\Users\JBoby\.m2\repository\xalan\xalan\2.7.1\xalan-2.7.1.jar;C:\Users\JBoby\.m2\repository\xalan\serializer\2.7.1\serializer-2.7.1.jar;C:\Users\JBoby\.m2\repository\commons-collections\commons-collections\3.2.1\commons-collections-3.2.1.jar;C:\Users\JBoby\.m2\repository\org\apache\commons\commons-lang3\3.1\commons-lang3-3.1.jar;C:\Users\JBoby\.m2\repository\org\apache\httpcomponents\httpmime\4.3.1\httpmime-4.3.1.jar;C:\Users\JBoby\.m2\repository\commons-codec\commons-codec\1.8\commons-codec-1.8.jar;C:\Users\JBoby\.m2\repository\net\sourceforge\htmlunit\htmlunit-core-js\2.13\htmlunit-core-js-2.13.jar;C:\Users\JBoby\.m2\repository\xerces\xercesImpl\2.11.0\xercesImpl-2.11.0.jar;C:\Users\JBoby\.m2\repository\xml-apis\xml-apis\1.4.01\xml-apis-1.4.01.jar;C:\Users\JBoby\.m2\repository\net\sourceforge\nekohtml\nekohtml\1.9.19\nekohtml-1.9.19.jar;C:\Users\JBoby\.m2\repository\net\sourceforge\cssparser\cssparser\0.9.11\cssparser-0.9.11.jar;C:\Users\JBoby\.m2\repository\org\w3c\css\sac\1.3\sac-1.3.jar;C:\Users\JBoby\.m2\repository\commons-logging\commons-logging\1.1.3\commons-logging-1.1.3.jar;C:\Users\JBoby\.m2\repository\org\eclipse\jetty\jetty-websocket\8.1.12.v20130726\jetty-websocket-8.1.12.v20130726.jar;C:\Users\JBoby\.m2\repository\org\eclipse\jetty\jetty-util\8.1.12.v20130726\jetty-util-8.1.12.v20130726.jar;C:\Users\JBoby\.m2\repository\org\eclipse\jetty\jetty-io\8.1.12.v20130726\jetty-io-8.1.12.v20130726.jar;C:\Users\JBoby\.m2\repository\org\eclipse\jetty\jetty-http\8.1.12.v20130726\jetty-http-8.1.12.v20130726.jar;C:\Users\JBoby\.m2\repository\org\apache\httpcomponents\httpclient\4.3\httpclient-4.3.jar;C:\Users\JBoby\.m2\repository\org\apache\httpcomponents\httpcore\4.3\httpcore-4.3.jar;C:\Users\JBoby\.m2\repository\org\seleniumhq\selenium\selenium-firefox-driver\2.37.1\selenium-firefox-driver-2.37.1.jar;C:\Users\JBoby\.m2\repository\commons-io\commons-io\2.2\commons-io-2.2.jar;C:\Users\JBoby\.m2\repository\org\apache\commons\commons-exec\1.1\commons-exec-1.1.jar;C:\Users\JBoby\.m2\repository\org\seleniumhq\selenium\selenium-ie-driver\2.37.1\selenium-ie-driver-2.37.1.jar;C:\Users\JBoby\.m2\repository\net\java\dev\jna\jna\3.4.0\jna-3.4.0.jar;C:\Users\JBoby\.m2\repository\net\java\dev\jna\platform\3.4.0\platform-3.4.0.jar;C:\Users\JBoby\.m2\repository\org\seleniumhq\selenium\selenium-iphone-driver\2.37.1\selenium-iphone-driver-2.37.1.jar;C:\Users\JBoby\.m2\repository\org\seleniumhq\selenium\selenium-safari-driver\2.37.1\selenium-safari-driver-2.37.1.jar;C:\Users\JBoby\.m2\repository\org\seleniumhq\selenium\selenium-support\2.37.1\selenium-support-2.37.1.jar;C:\Users\JBoby\.m2\repository\org\seleniumhq\selenium\selenium-api\2.37.1\selenium-api-2.37.1.jar;C:\Users\JBoby\.m2\repository\org\webbitserver\webbit\0.4.14\webbit-0.4.14.jar;C:\Users\JBoby\.m2\repository\io\netty\netty\3.5.2.Final\netty-3.5.2.Final.jar;C:\Users\JBoby\.m2\repository\com\googlecode\json-simple\json-simple\1.1\json-simple-1.1.jar;C:\Users\JBoby\.m2\repository\commons-lang\commons-lang\2.6\commons-lang-2.6.jar;"/>
    <property name="java.vm.specification.version" value="1.0"/>
    <property name="sun.arch.data.model" value="64"/>
    <property name="java.home" value="C:\Program Files\Java\jdk1.6.0_24\jre"/>
    <property name="java.specification.vendor" value="Sun Microsystems Inc."/>
    <property name="user.language" value="en"/>
    <property name="awt.toolkit" value="sun.awt.windows.WToolkit"/>
    <property name="java.vm.info" value="mixed mode"/>
    <property name="java.version" value="1.6.0_24"/>
    <property name="java.ext.dirs" value="C:\Program Files\Java\jdk1.6.0_24\jre\lib\ext;C:\Windows\Sun\Java\lib\ext"/>
    <property name="sun.boot.class.path" value="C:\Program Files\Java\jdk1.6.0_24\jre\lib\resources.jar;C:\Program Files\Java\jdk1.6.0_24\jre\lib\rt.jar;C:\Program Files\Java\jdk1.6.0_24\jre\lib\sunrsasign.jar;C:\Program Files\Java\jdk1.6.0_24\jre\lib\jsse.jar;C:\Program Files\Java\jdk1.6.0_24\jre\lib\jce.jar;C:\Program Files\Java\jdk1.6.0_24\jre\lib\charsets.jar;C:\Program Files\Java\jdk1.6.0_24\jre\lib\modules\jdk.boot.jar;C:\Program Files\Java\jdk1.6.0_24\jre\classes"/>
    <property name="java.vendor" value="Sun Microsystems Inc."/>
    <property name="localRepository" value="C:\Users\JBoby\.m2\repository"/>
    <property name="file.separator" value="\"/>
    <property name="java.vendor.url.bug" value="http://java.sun.com/cgi-bin/bugreport.cgi"/>
    <property name="sun.cpu.endian" value="little"/>
    <property name="sun.io.unicode.encoding" value="UnicodeLittle"/>
    <property name="sun.desktop" value="windows"/>
    <property name="sun.cpu.isalist" value="amd64"/>
  </properties>
  <testcase time="60.239" classname="com.prokarma.appium.test.ViewHomeTest" name="verifyHomePageLinks">
    <failure message="Unable to locate element: {&quot;method&quot;:&quot;id&quot;,&quot;selector&quot;:&quot;&quot;}
Command duration or timeout: 30.12 seconds
For documentation on this error, please visit: http://seleniumhq.org/exceptions/no_such_element.html
Build info: version: &apos;2.37.1&apos;, revision: &apos;a7c61cbd68657e133ae96672cf995890bad2ee42&apos;, time: &apos;2013-10-21 09:08:07&apos;
System info: host: &apos;Jboby&apos;, ip: &apos;10.5.50.121&apos;, os.name: &apos;Windows 7&apos;, os.arch: &apos;amd64&apos;, os.version: &apos;6.1&apos;, java.version: &apos;1.6.0_24&apos;
Session ID: 7883bf91-071a-4bf5-adc0-d9ae7d96ed3c
Driver info: org.openqa.selenium.firefox.FirefoxDriver
Capabilities [{platform=XP, acceptSslCerts=true, javascriptEnabled=true, browserName=firefox, rotatable=false, locationContextEnabled=true, version=24.0, cssSelectorsEnabled=true, databaseEnabled=true, handlesAlerts=true, browserConnectionEnabled=true, nativeEvents=true, webStorageEnabled=true, applicationCacheEnabled=true, takesScreenshot=true}]" type="org.openqa.selenium.NoSuchElementException">org.openqa.selenium.NoSuchElementException: Unable to locate element: {&quot;method&quot;:&quot;id&quot;,&quot;selector&quot;:&quot;&quot;}
Command duration or timeout: 30.12 seconds
For documentation on this error, please visit: http://seleniumhq.org/exceptions/no_such_element.html
Build info: version: &apos;2.37.1&apos;, revision: &apos;a7c61cbd68657e133ae96672cf995890bad2ee42&apos;, time: &apos;2013-10-21 09:08:07&apos;
System info: host: &apos;Jboby&apos;, ip: &apos;10.5.50.121&apos;, os.name: &apos;Windows 7&apos;, os.arch: &apos;amd64&apos;, os.version: &apos;6.1&apos;, java.version: &apos;1.6.0_24&apos;
Session ID: 7883bf91-071a-4bf5-adc0-d9ae7d96ed3c
Driver info: org.openqa.selenium.firefox.FirefoxDriver
Capabilities [{platform=XP, acceptSslCerts=true, javascriptEnabled=true, browserName=firefox, rotatable=false, locationContextEnabled=true, version=24.0, cssSelectorsEnabled=true, databaseEnabled=true, handlesAlerts=true, browserConnectionEnabled=true, nativeEvents=true, webStorageEnabled=true, applicationCacheEnabled=true, takesScreenshot=true}]
	at sun.reflect.NativeConstructorAccessorImpl.newInstance0(Native Method)
	at sun.reflect.NativeConstructorAccessorImpl.newInstance(NativeConstructorAccessorImpl.java:39)
	at sun.reflect.DelegatingConstructorAccessorImpl.newInstance(DelegatingConstructorAccessorImpl.java:27)
	at java.lang.reflect.Constructor.newInstance(Constructor.java:513)
	at org.openqa.selenium.remote.ErrorHandler.createThrowable(ErrorHandler.java:193)
	at org.openqa.selenium.remote.ErrorHandler.throwIfResponseFailed(ErrorHandler.java:145)
	at org.openqa.selenium.remote.RemoteWebDriver.execute(RemoteWebDriver.java:554)
	at org.openqa.selenium.remote.RemoteWebDriver.findElement(RemoteWebDriver.java:307)
	at org.openqa.selenium.remote.RemoteWebDriver.findElementById(RemoteWebDriver.java:348)
	at org.openqa.selenium.By$ById.findElement(By.java:220)
	at org.openqa.selenium.remote.RemoteWebDriver.findElement(RemoteWebDriver.java:299)
	at org.openqa.selenium.support.pagefactory.DefaultElementLocator.findElement(DefaultElementLocator.java:59)
	at org.openqa.selenium.support.pagefactory.internal.LocatingElementHandler.invoke(LocatingElementHandler.java:34)
	at $Proxy9.click(Unknown Source)
	at com.prokarma.appium.impl.HomePageObjImpl.Home(HomePageObjImpl.java:28)
	at com.prokarma.appium.test.ViewHomeTest.verifyHomePageLinks(ViewHomeTest.java:25)
Caused by: org.openqa.selenium.remote.ErrorHandler$UnknownServerException: Unable to locate element: {&quot;method&quot;:&quot;id&quot;,&quot;selector&quot;:&quot;&quot;}
Build info: version: &apos;2.37.1&apos;, revision: &apos;a7c61cbd68657e133ae96672cf995890bad2ee42&apos;, time: &apos;2013-10-21 09:08:07&apos;
System info: host: &apos;Jboby&apos;, ip: &apos;10.5.50.121&apos;, os.name: &apos;Windows 7&apos;, os.arch: &apos;amd64&apos;, os.version: &apos;6.1&apos;, java.version: &apos;1.6.0_24&apos;
Driver info: driver.version: unknown
	at &lt;anonymous class&gt;.FirefoxDriver.prototype.findElementInternal_(file:///C:/Users/JBoby/AppData/Local/Temp/anonymous8947793116426267337webdriver-profile/extensions/fxdriver@googlecode.com/components/driver_component.js:8891)
	at &lt;anonymous class&gt;.fxdriver.Timer.prototype.setTimeout/&lt;.notify(file:///C:/Users/JBoby/AppData/Local/Temp/anonymous8947793116426267337webdriver-profile/extensions/fxdriver@googlecode.com/components/driver_component.js:396)
</failure>
    <system-out>@HL
@HL-------------------------------------------------------
@HL T E S T S
@HL-------------------------------------------------------
@SLRunning TestSuite
@SLRunning TestSuite
log...  http://www.prokarma.com
</system-out>
    <system-err>log4j:WARN No appenders could be found for logger (org.apache.http.impl.conn.tsccm.ThreadSafeClientConnManager).
log4j:WARN Please initialize the log4j system properly.
</system-err>
  </testcase>
</testsuite>